c:\users\marca\source\repos\openglsandbox\openglsandbox\x64\debug\vc141.pdb
c:\users\marca\source\repos\openglsandbox\openglsandbox\x64\debug\vc141.idb
c:\users\marca\source\repos\openglsandbox\openglsandbox\x64\debug\texturehandler.obj
c:\users\marca\source\repos\openglsandbox\openglsandbox\x64\debug\skeleton.obj
c:\users\marca\source\repos\openglsandbox\openglsandbox\x64\debug\shadowmap.obj
c:\users\marca\source\repos\openglsandbox\openglsandbox\x64\debug\shaderhandler.obj
c:\users\marca\source\repos\openglsandbox\openglsandbox\x64\debug\object3d.obj
c:\users\marca\source\repos\openglsandbox\openglsandbox\x64\debug\node.obj
c:\users\marca\source\repos\openglsandbox\openglsandbox\x64\debug\mesh.obj
c:\users\marca\source\repos\openglsandbox\openglsandbox\x64\debug\main.obj
c:\users\marca\source\repos\openglsandbox\openglsandbox\x64\debug\lighthandler.obj
c:\users\marca\source\repos\openglsandbox\openglsandbox\x64\debug\gizmo.obj
c:\users\marca\source\repos\openglsandbox\openglsandbox\x64\debug\fbo.obj
c:\users\marca\source\repos\openglsandbox\openglsandbox\x64\debug\vboindexer.obj
c:\users\marca\source\repos\openglsandbox\openglsandbox\x64\debug\texture.obj
c:\users\marca\source\repos\openglsandbox\openglsandbox\x64\debug\tangentspace.obj
c:\users\marca\source\repos\openglsandbox\openglsandbox\x64\debug\shader.obj
c:\users\marca\source\repos\openglsandbox\openglsandbox\x64\debug\quaternion_utils.obj
c:\users\marca\source\repos\openglsandbox\openglsandbox\x64\debug\objloader.obj
c:\users\marca\source\repos\openglsandbox\openglsandbox\x64\debug\controls.obj
c:\users\marca\source\repos\openglsandbox\openglsandbox\x64\debug\bloom.obj
c:\users\marca\source\repos\openglsandbox\openglsandbox\x64\debug\bloom.obj.enc
c:\users\marca\source\repos\openglsandbox\x64\debug\openglsandbox.pdb
c:\users\marca\source\repos\openglsandbox\x64\debug\openglsandbox.exe
c:\users\marca\source\repos\openglsandbox\x64\debug\openglsandbox.ilk
c:\users\marca\source\repos\openglsandbox\openglsandbox\x64\debug\openglsandbox.tlog\cl.command.1.tlog
c:\users\marca\source\repos\openglsandbox\openglsandbox\x64\debug\openglsandbox.tlog\cl.read.1.tlog
c:\users\marca\source\repos\openglsandbox\openglsandbox\x64\debug\openglsandbox.tlog\cl.write.1.tlog
c:\users\marca\source\repos\openglsandbox\openglsandbox\x64\debug\openglsandbox.tlog\link.command.1.tlog
c:\users\marca\source\repos\openglsandbox\openglsandbox\x64\debug\openglsandbox.tlog\link.read.1.tlog
c:\users\marca\source\repos\openglsandbox\openglsandbox\x64\debug\openglsandbox.tlog\link.write.1.tlog
